0 info it worked if it ends with ok
1 verbose cli [ '/usr/local/bin/iojs', '/usr/local/bin/npm', 'publish', './' ]
2 info using npm@2.12.1
3 info using node@v2.3.4
4 verbose publish [ './' ]
5 silly cache add args [ './', null ]
6 verbose cache add spec ./
7 silly cache add parsed spec { raw: './',
7 silly cache add   scope: null,
7 silly cache add   name: null,
7 silly cache add   rawSpec: './',
7 silly cache add   spec: '/Users/yamill/Desktop/WPV/node_modules/react-native-orientation',
7 silly cache add   type: 'directory' }
8 verbose addLocalDirectory /Users/yamill/.npm/react-native-orientation/1.0.0/package.tgz not in flight; packing
9 verbose tar pack [ '/Users/yamill/.npm/react-native-orientation/1.0.0/package.tgz',
9 verbose tar pack   '/Users/yamill/Desktop/WPV/node_modules/react-native-orientation' ]
10 verbose tarball /Users/yamill/.npm/react-native-orientation/1.0.0/package.tgz
11 verbose folder /Users/yamill/Desktop/WPV/node_modules/react-native-orientation
12 info prepublish react-native-orientation@1.0.0
13 verbose addLocalTarball adding from inside cache /Users/yamill/.npm/react-native-orientation/1.0.0/package.tgz
14 silly cache afterAdd react-native-orientation@1.0.0
15 verbose afterAdd /Users/yamill/.npm/react-native-orientation/1.0.0/package/package.json not in flight; writing
16 verbose afterAdd /Users/yamill/.npm/react-native-orientation/1.0.0/package/package.json written
17 silly publish { name: 'react-native-orientation',
17 silly publish   version: '1.0.0',
17 silly publish   description: 'Listen to device orientation changes in react-native',
17 silly publish   main: 'index.js',
17 silly publish   scripts: { test: 'echo "Error: no test specified" && exit 1' },
17 silly publish   keywords: [ 'react', 'reactnative', 'react-native' ],
17 silly publish   author:
17 silly publish    { name: 'Yamill Vallecillo',
17 silly publish      email: 'yamill@gmail.com',
17 silly publish      url: 'github.com/yamill' },
17 silly publish   license: 'ISC',
17 silly publish   repository:
17 silly publish    { type: 'git',
17 silly publish      url: 'git+https://github.com/yamill/react-native-orientation.git' },
17 silly publish   bugs: { url: 'https://github.com/yamill/react-native-orientation/issues' },
17 silly publish   homepage: 'https://github.com/yamill/react-native-orientation#readme',
17 silly publish   readme: '## react-native-orientation\nListen to device orientation changes in react-native.\nOrientation module adapted from @clavery.\n\n### Add it to your project\n\n1. Run `npm install react-native-orientation --save`\n2. Open your project in XCode, right click on your project and click `Add Files to "Your Project Name"`\n3. Add `RCTOrientation` from your `node_modules/react-native-orientation` folder.\n5. Whenever you want to use it within React code now you can:\n`var Orientation = require(\'react-native-orientation\');`\n\n\n## Usage\n\n```javascript\n  _orientationDidChange: function(orientation) {\n    if(orientation == \'LANDSCAPE\'){\n      //do something with landscape layout\n    }else{\n      //do something with portrait layout\n    }\n  },\n  componentDidMount: function(){\n    Orientation.addOrientationListener(this._orientationDidChange);\n  },\n  componentWillUnmount() {\n    Orientation.removeOrientationListener(this._orientationDidChange);\n  }\n```\n\n## Events\n\n`addOrientationListener(function)`\n\n`removeOrientationListener(function)`\n\n## Functions\n\n`_orientationDidChange(orientation)`\n\norientation can return either `LANDSCAPE` `PORTRAIT` `UNKNOWN`\n\n## TODOS\n\n- [ ] Add some way to allow setting a preferred orientation on a screen by screen basis.\n',
17 silly publish   readmeFilename: 'README.md',
17 silly publish   gitHead: '47537535bd4720753f7c03a278a09dd175b4534a',
17 silly publish   _id: 'react-native-orientation@1.0.0',
17 silly publish   _shasum: 'b4b39bfcce93635a0b1512ff215dde4eea66352e',
17 silly publish   _from: '.' }
18 verbose getPublishConfig undefined
19 silly mapToRegistry name react-native-orientation
20 silly mapToRegistry using default registry
21 silly mapToRegistry registry https://registry.npmjs.org/
22 silly mapToRegistry uri https://registry.npmjs.org/react-native-orientation
23 verbose publish registryBase https://registry.npmjs.org/
24 silly publish uploading /Users/yamill/.npm/react-native-orientation/1.0.0/package.tgz
25 verbose request uri https://registry.npmjs.org/react-native-orientation
26 verbose request sending authorization for write operation
27 info attempt registry request try #1 at 17:06:55
28 verbose request using bearer token for auth
29 verbose request id bd2a3c9731479917
30 http request PUT https://registry.npmjs.org/react-native-orientation
31 http 403 https://registry.npmjs.org/react-native-orientation
32 verbose headers { 'content-type': 'application/json',
32 verbose headers   'cache-control': 'max-age=60',
32 verbose headers   'content-length': '95',
32 verbose headers   'accept-ranges': 'bytes',
32 verbose headers   date: 'Fri, 17 Jul 2015 21:06:55 GMT',
32 verbose headers   via: '1.1 varnish',
32 verbose headers   connection: 'keep-alive',
32 verbose headers   'x-served-by': 'cache-jfk1024-JFK',
32 verbose headers   'x-cache': 'MISS',
32 verbose headers   'x-cache-hits': '0',
32 verbose headers   'x-timer': 'S1437167215.770843,VS0,VE149' }
33 verbose request invalidating /Users/yamill/.npm/registry.npmjs.org/react-native-orientation on PUT
34 error publish Failed PUT 403
35 verbose stack Error: "You cannot publish over the previously published version 1.0.0." : react-native-orientation
35 verbose stack     at CachingRegistryClient.<anonymous> (/usr/local/lib/node_modules/npm/node_modules/npm-registry-client/lib/request.js:247:14)
35 verbose stack     at Request._callback (/usr/local/lib/node_modules/npm/node_modules/npm-registry-client/lib/request.js:170:14)
35 verbose stack     at Request.self.callback (/usr/local/lib/node_modules/npm/node_modules/request/request.js:197:22)
35 verbose stack     at emitTwo (events.js:87:13)
35 verbose stack     at Request.emit (events.js:172:7)
35 verbose stack     at Request.<anonymous> (/usr/local/lib/node_modules/npm/node_modules/request/request.js:1050:14)
35 verbose stack     at emitOne (events.js:82:20)
35 verbose stack     at Request.emit (events.js:169:7)
35 verbose stack     at IncomingMessage.<anonymous> (/usr/local/lib/node_modules/npm/node_modules/request/request.js:996:12)
35 verbose stack     at emitNone (events.js:72:20)
36 verbose statusCode 403
37 verbose pkgid react-native-orientation
38 verbose cwd /Users/yamill/Desktop/WPV/node_modules/react-native-orientation
39 error Darwin 14.3.0
40 error argv "/usr/local/bin/iojs" "/usr/local/bin/npm" "publish" "./"
41 error node v2.3.4
42 error npm  v2.12.1
43 error code E403
44 error "You cannot publish over the previously published version 1.0.0." : react-native-orientation
45 error If you need help, you may report this error at:
45 error     <https://github.com/npm/npm/issues>
46 verbose exit [ 1, true ]
